#
# There is insufficient memory for the Java Runtime Environment to continue.
# Native memory allocation (mmap) failed to map 100663296 bytes for G1 virtual space
# Possible reasons:
#   The system is out of physical RAM or swap space
#   The process is running with CompressedOops enabled, and the Java Heap may be blocking the growth of the native heap
# Possible solutions:
#   Reduce memory load on the system
#   Increase physical memory or swap space
#   Check if swap backing store is full
#   Decrease Java heap size (-Xmx/-Xms)
#   Decrease number of Java threads
#   Decrease Java thread stack sizes (-Xss)
#   Set larger code cache with -XX:ReservedCodeCacheSize=
#   JVM is running with Unscaled Compressed Oops mode in which the Java heap is
#     placed in the first 4GB address space. The Java Heap base address is the
#     maximum limit for the native heap growth. Please use -XX:HeapBaseMinAddress
#     to set the Java Heap base and to place the Java Heap above 4GB virtual address.
# This output file may be truncated or incomplete.
#
#  Out of Memory Error (os_windows.cpp:3769), pid=12320, tid=15892
#
# JRE version:  (17.0.6+1) (build )
# Java VM: OpenJDK 64-Bit Server VM (17.0.6+1-b653.34, mixed mode, sharing, tiered, compressed oops, compressed class ptrs, g1 gc, windows-amd64)
# No core dump will be written. Minidumps are not enabled by default on client versions of Windows
#

---------------  S U M M A R Y ------------

Command Line: git4idea.http.GitAskPassApp Username for 'https://github.com': 

Host: AMD 3020e with Radeon Graphics                 , 2 cores, 5G,  Windows 10 , 64 bit Build 19041 (10.0.19041.2788)
Time: Mon Jun 12 14:11:44 2023 Hora estándar de Argentina elapsed time: 0.015286 seconds (0d 0h 0m 0s)

---------------  T H R E A D  ---------------

Current thread (0x0000020ec4cab340):  JavaThread "Unknown thread" [_thread_in_vm, id=15892, stack(0x000000cde4a00000,0x000000cde4b00000)]

Stack: [0x000000cde4a00000,0x000000cde4b00000]
Native frames: (J=compiled Java code, j=interpreted, Vv=VM code, C=native code)
V  [jvm.dll+0x683b4a]
V  [jvm.dll+0x842654]
V  [jvm.dll+0x843dfe]
V  [jvm.dll+0x844463]
V  [jvm.dll+0x249b75]
V  [jvm.dll+0x680a19]
V  [jvm.dll+0x674f0a]
V  [jvm.dll+0x309acb]
V  [jvm.dll+0x310f86]
V  [jvm.dll+0x3608ee]
V  [jvm.dll+0x360b1f]
V  [jvm.dll+0x2dfbf8]
V  [jvm.dll+0x2e0b64]
V  [jvm.dll+0x813f41]
V  [jvm.dll+0x36e6a1]
V  [jvm.dll+0x7f347c]
V  [jvm.dll+0x3f0e8f]
V  [jvm.dll+0x3f29d1]
C  [jli.dll+0x526b]
C  [ucrtbase.dll+0x21bb2]
C  [KERNEL32.DLL+0x17604]
C  [ntdll.dll+0x526a1]


---------------  P R O C E S S  ---------------

Threads class SMR info:
_java_thread_list=0x00007ffc0e60c058, length=0, elements={
}

Java Threads: ( => current thread )

Other Threads:
  0x0000020ec4cf5a90 GCTaskThread "GC Thread#0" [stack: 0x000000cde4b00000,0x000000cde4c00000] [id=15976]
  0x0000020ec4d02610 ConcurrentGCThread "G1 Main Marker" [stack: 0x000000cde4c00000,0x000000cde4d00000] [id=18300]
  0x0000020ec4d037c0 ConcurrentGCThread "G1 Conc#0" [stack: 0x000000cde4d00000,0x000000cde4e00000] [id=14000]

[error occurred during error reporting (printing all threads), id 0xc0000005, EXCEPTION_ACCESS_VIOLATION (0xc0000005) at pc=0x00007ffc0ddc0797]

VM state: not at safepoint (not fully initialized)

VM Mutex/Monitor currently owned by a thread:  ([mutex/lock_event])
[0x0000020ec4ca6060] Heap_lock - owner thread: 0x0000020ec4cab340

Heap address: 0x00000000a1e00000, size: 1506 MB, Compressed Oops mode: 32-bit

CDS archive(s) mapped at: [0x0000000000000000-0x0000000000000000-0x0000000000000000), size 0, SharedBaseAddress: 0x0000000800000000, ArchiveRelocationMode: 0.
Narrow klass base: 0x0000000000000000, Narrow klass shift: 0, Narrow klass range: 0x0

GC Precious Log:
<Empty>

Heap:
 garbage-first heap   total 0K, used 0K [0x00000000a1e00000, 0x0000000100000000)
  region size 1024K, 0 young (0K), 0 survivors (0K)

[error occurred during error reporting (printing heap information), id 0xc0000005, EXCEPTION_ACCESS_VIOLATION (0xc0000005) at pc=0x00007ffc0e1ad939]

GC Heap History (0 events):
No events

Dll operation events (1 events):
Event: 0.009 Loaded shared library D:\IntelliJ IDEA Community Edition 2022.3.3\jbr\bin\java.dll

Deoptimization events (0 events):
No events

Classes unloaded (0 events):
No events

Classes redefined (0 events):
No events

Internal exceptions (0 events):
No events

VM Operations (0 events):
No events

Events (0 events):
No events


Dynamic libraries:
0x00007ff687020000 - 0x00007ff68702a000 	D:\IntelliJ IDEA Community Edition 2022.3.3\jbr\bin\java.exe
0x00007ffc4e610000 - 0x00007ffc4e808000 	C:\Windows\SYSTEM32\ntdll.dll
0x00007ffc4ce70000 - 0x00007ffc4cf2f000 	C:\Windows\System32\KERNEL32.DLL
0x00007ffc4bfa0000 - 0x00007ffc4c27a000 	C:\Windows\System32\KERNELBASE.dll
0x00007ffc4bea0000 - 0x00007ffc4bfa0000 	C:\Windows\System32\ucrtbase.dll
0x00007ffc459b0000 - 0x00007ffc459c7000 	D:\IntelliJ IDEA Community Edition 2022.3.3\jbr\bin\jli.dll
0x00007ffc4e040000 - 0x00007ffc4e1dd000 	C:\Windows\System32\USER32.dll
0x00007ffc4bd20000 - 0x00007ffc4bd42000 	C:\Windows\System32\win32u.dll
0x00007ffc4e1e0000 - 0x00007ffc4e20b000 	C:\Windows\System32\GDI32.dll
0x00007ffc4c510000 - 0x00007ffc4c620000 	C:\Windows\System32\gdi32full.dll
0x00007ffc4be00000 - 0x00007ffc4be9d000 	C:\Windows\System32\msvcp_win.dll
0x00007ffc16b60000 - 0x00007ffc16b7b000 	D:\IntelliJ IDEA Community Edition 2022.3.3\jbr\bin\VCRUNTIME140.dll
0x00007ffc39d50000 - 0x00007ffc39fea000 	C:\Windows\WinSxS\amd64_microsoft.windows.common-controls_6595b64144ccf1df_6.0.19041.1110_none_60b5254171f9507e\COMCTL32.dll
0x00007ffc4dfa0000 - 0x00007ffc4e03e000 	C:\Windows\System32\msvcrt.dll
0x00007ffc4deb0000 - 0x00007ffc4dee0000 	C:\Windows\System32\IMM32.DLL
0x00007ffc3a890000 - 0x00007ffc3a89c000 	D:\IntelliJ IDEA Community Edition 2022.3.3\jbr\bin\vcruntime140_1.dll
0x00007ffbf7060000 - 0x00007ffbf70ed000 	D:\IntelliJ IDEA Community Edition 2022.3.3\jbr\bin\msvcp140.dll
0x00007ffc0dad0000 - 0x00007ffc0e73d000 	D:\IntelliJ IDEA Community Edition 2022.3.3\jbr\bin\server\jvm.dll
0x00007ffc4c950000 - 0x00007ffc4c9fe000 	C:\Windows\System32\ADVAPI32.dll
0x00007ffc4dc30000 - 0x00007ffc4dccc000 	C:\Windows\System32\sechost.dll
0x00007ffc4c670000 - 0x00007ffc4c796000 	C:\Windows\System32\RPCRT4.dll
0x00007ffc2e5e0000 - 0x00007ffc2e5e9000 	C:\Windows\SYSTEM32\WSOCK32.dll
0x00007ffc4d9f0000 - 0x00007ffc4da5b000 	C:\Windows\System32\WS2_32.dll
0x00007ffc39920000 - 0x00007ffc39947000 	C:\Windows\SYSTEM32\WINMM.dll
0x00007ffc44fe0000 - 0x00007ffc44fea000 	C:\Windows\SYSTEM32\VERSION.dll
0x00007ffc49be0000 - 0x00007ffc49bf2000 	C:\Windows\SYSTEM32\kernel.appcore.dll
0x00007ffc46980000 - 0x00007ffc4698a000 	D:\IntelliJ IDEA Community Edition 2022.3.3\jbr\bin\jimage.dll
0x00007ffc3bb60000 - 0x00007ffc3bd44000 	C:\Windows\SYSTEM32\DBGHELP.DLL
0x00007ffc3ba60000 - 0x00007ffc3ba94000 	C:\Windows\SYSTEM32\dbgcore.DLL
0x00007ffc4c410000 - 0x00007ffc4c492000 	C:\Windows\System32\bcryptPrimitives.dll
0x00007ffc45b00000 - 0x00007ffc45b25000 	D:\IntelliJ IDEA Community Edition 2022.3.3\jbr\bin\java.dll

dbghelp: loaded successfully - version: 4.0.5 - missing functions: none
symbol engine: initialized successfully - sym options: 0x614 - pdb path: .;D:\IntelliJ IDEA Community Edition 2022.3.3\jbr\bin;C:\Windows\SYSTEM32;C:\Windows\WinSxS\amd64_microsoft.windows.common-controls_6595b64144ccf1df_6.0.19041.1110_none_60b5254171f9507e;D:\IntelliJ IDEA Community Edition 2022.3.3\jbr\bin\server

VM Arguments:
java_command: git4idea.http.GitAskPassApp Username for 'https://github.com': 
java_class_path (initial): D:/IntelliJ IDEA Community Edition 2022.3.3/plugins/vcs-git/lib/git4idea-rt.jar;D:/IntelliJ IDEA Community Edition 2022.3.3/lib/externalProcess-rt.jar;D:/IntelliJ IDEA Community Edition 2022.3.3/lib/app.jar;D:/IntelliJ IDEA Community Edition 2022.3.3/lib/3rd-party-rt.jar
Launcher Type: SUN_STANDARD

[Global flags]
     intx CICompilerCount                          = 2                                         {product} {ergonomic}
     uint ConcGCThreads                            = 1                                         {product} {ergonomic}
     uint G1ConcRefinementThreads                  = 2                                         {product} {ergonomic}
   size_t G1HeapRegionSize                         = 1048576                                   {product} {ergonomic}
    uintx GCDrainStackTargetSize                   = 64                                        {product} {ergonomic}
   size_t InitialHeapSize                          = 100663296                                 {product} {ergonomic}
   size_t MarkStackSize                            = 4194304                                   {product} {ergonomic}
   size_t MaxHeapSize                              = 1579155456                                {product} {ergonomic}
   size_t MinHeapDeltaBytes                        = 1048576                                   {product} {ergonomic}
   size_t MinHeapSize                              = 8388608                                   {product} {ergonomic}
    uintx NonNMethodCodeHeapSize                   = 5826188                                {pd product} {ergonomic}
    uintx NonProfiledCodeHeapSize                  = 122916026                              {pd product} {ergonomic}
    uintx ProfiledCodeHeapSize                     = 122916026                              {pd product} {ergonomic}
    uintx ReservedCodeCacheSize                    = 251658240                              {pd product} {ergonomic}
     bool SegmentedCodeCache                       = true                                      {product} {ergonomic}
   size_t SoftMaxHeapSize                          = 1579155456                             {manageable} {ergonomic}
     bool UseCompressedClassPointers               = true                           {product lp64_product} {ergonomic}
     bool UseCompressedOops                        = true                           {product lp64_product} {ergonomic}
     bool UseG1GC                                  = true                                      {product} {ergonomic}
     bool UseLargePagesIndividualAllocation        = false                                  {pd product} {ergonomic}

Logging:
Log output configuration:
 #0: stdout all=warning uptime,level,tags
 #1: stderr all=off uptime,level,tags

Environment Variables:
JAVA_HOME=C:\Program Files\Zulu\zulu-17
PATH=C:\Program Files\Git\mingw64\libexec\git-core;C:\Program Files\Git\mingw64\libexec\git-core;C:\Program Files\Git\mingw64\bin;C:\Program Files\Git\usr\bin;C:\Users\HP\bin;C:\Windows\system32;C:\Windows;C:\Windows\System32\Wbem;C:\Windows\System32\WindowsPowerShell\v1.0;C:\Windows\System32\OpenSSH;C:\Program Files\Azure Data Studio\bin;C:\Program Files\Git\cmd;D:\HP\Documents\apache-maven-3.9.2-bin\apache-maven-3.9.2\bin;C:\Program Files\Zulu\zulu-17\bin;C:\Program Files\MySQL\MySQL Shell 8.0\bin;C:\Users\HP\AppData\Local\Programs\Python\Python310\Scripts;C:\Users\HP\AppData\Local\Programs\Python\Python310;C:\Users\HP\AppData\Local\Microsoft\WindowsApps;C:\Users\HP\AppData\Local\Programs\Microsoft VS Code\bin;C:\Program Files\Azure Data Studio\bin;C:\Program Files\Java\jdk-19\bin;D:\IntelliJ IDEA Community Edition 2022.3.3\bin
USERNAME=HP
DISPLAY=:0.0
LC_ALL=en_US.UTF-8
TERM=xterm-256color
TMPDIR=C:\Users\HP\AppData\Local\Temp
OS=Windows_NT
PROCESSOR_IDENTIFIER=AMD64 Family 23 Model 32 Stepping 1, AuthenticAMD
TMP=C:\Users\HP\AppData\Local\Temp
TEMP=C:\Users\HP\AppData\Local\Temp



---------------  S Y S T E M  ---------------

OS:
 Windows 10 , 64 bit Build 19041 (10.0.19041.2788)
OS uptime: 21 days 2:24 hours

CPU: total 2 (initial active 2) (2 cores per cpu, 1 threads per core) family 23 model 32 stepping 1 microcode 0x0, cx8, cmov, fxsr, mmx, 3dnowpref, sse, sse2, sse3, ssse3, sse4a, sse4.1, sse4.2, popcnt, lzcnt, tsc, tscinvbit, avx, avx2, aes, clmul, bmi1, bmi2, adx, sha, fma, vzeroupper, clflush, clflushopt

Memory: 4k page, system-wide physical 6023M (744M free)
TotalPageFile size 13398M (AvailPageFile size 73M)
current process WorkingSet (physical memory assigned to process): 10M, peak: 10M
current process commit charge ("private bytes"): 47M, peak: 143M

vm_info: OpenJDK 64-Bit Server VM (17.0.6+1-b653.34) for windows-amd64 JRE (17.0.6+1-b653.34), built on 2023-02-24 by "builduser" with MS VC++ 16.10 / 16.11 (VS2019)

END.
